\BOOKMARK [0][-]{chapter*.6}{List of Figures}{}% 1
\BOOKMARK [0][-]{chapter*.7}{List of Tables}{}% 2
\BOOKMARK [0][-]{chapter.1}{Introduction}{}% 3
\BOOKMARK [0][-]{chapter.2}{Review}{}% 4
\BOOKMARK [1][-]{section.2.1}{Reinforcement learning by self-play}{chapter.2}% 5
\BOOKMARK [2][-]{subsection.2.1.1}{Self-play}{section.2.1}% 6
\BOOKMARK [2][-]{subsection.2.1.2}{Training}{section.2.1}% 7
\BOOKMARK [2][-]{subsection.2.1.3}{Selection of Model}{section.2.1}% 8
\BOOKMARK [1][-]{section.2.2}{Confidence bound}{chapter.2}% 9
\BOOKMARK [1][-]{section.2.3}{Simultaneous game}{chapter.2}% 10
\BOOKMARK [1][-]{section.2.4}{Conclusion}{chapter.2}% 11
\BOOKMARK [0][-]{chapter.3}{Confidence Bound}{}% 12
\BOOKMARK [1][-]{section.3.1}{KL-UCB}{chapter.3}% 13
\BOOKMARK [1][-]{section.3.2}{Baseline results}{chapter.3}% 14
\BOOKMARK [1][-]{section.3.3}{Experiment}{chapter.3}% 15
\BOOKMARK [2][-]{subsection.3.3.1}{Results}{section.3.3}% 16
\BOOKMARK [1][-]{section.3.4}{Thomson sampling confidence bound}{chapter.3}% 17
\BOOKMARK [1][-]{section.3.5}{Experiment}{chapter.3}% 18
\BOOKMARK [2][-]{subsection.3.5.1}{Results}{section.3.5}% 19
\BOOKMARK [2][-]{subsection.3.5.2}{Conclusion}{section.3.5}% 20
\BOOKMARK [0][-]{chapter.4}{Simultaneous Game}{}% 21
\BOOKMARK [1][-]{section.4.1}{Construction}{chapter.4}% 22
\BOOKMARK [1][-]{section.4.2}{Conclusion}{chapter.4}% 23
\BOOKMARK [0][-]{chapter.5}{Conclusion and Future Work}{}% 24
\BOOKMARK [0][-]{chapter.5}{References}{}% 25
